TN:verilator_coverage
SF:BranchBimodalDpath.v
DA:10,403
DA:11,2
DA:12,1
DA:13,42
DA:16,42
DA:17,45
DA:20,3
DA:21,2
DA:28,1
DA:32,201
DA:33,1
DA:34,1
DA:36,34
DA:37,51
end_of_record
SF:utb_BranchBimodalDpath.v
DA:21,0
DA:23,2
DA:26,1
DA:27,42
DA:30,42
DA:31,45
DA:34,3
DA:35,2
DA:51,1
DA:58,1
DA:59,1
DA:60,1
DA:61,1
DA:63,1
DA:64,1
DA:65,1
DA:69,1
DA:71,1
DA:72,1
DA:73,1
DA:75,1
DA:79,1
DA:81,1
DA:82,1
DA:83,1
DA:87,1
DA:89,1
DA:93,1
DA:98,1
DA:100,1
DA:107,1
DA:108,1
DA:109,1
DA:110,1
DA:112,1
DA:116,1
DA:118,1
DA:119,1
DA:120,1
DA:122,1
DA:126,1
DA:128,1
DA:129,1
DA:130,1
DA:134,1
DA:136,1
DA:140,1
DA:142,1
DA:149,1
DA:150,1
DA:151,1
DA:152,1
DA:154,1
DA:155,1
DA:156,1
DA:160,1
DA:162,1
DA:163,1
DA:164,1
DA:166,1
DA:170,1
DA:172,1
DA:173,1
DA:174,1
DA:175,3
DA:179,3
DA:182,1
DA:186,1
DA:188,1
DA:190,1
DA:191,1
DA:192,1
DA:196,6
DA:197,6
DA:198,6
DA:199,377
DA:204,8
DA:210,8
DA:211,8
DA:212,8
DA:213,8
DA:217,6
DA:223,6
DA:224,6
DA:225,6
DA:226,6
DA:227,6
DA:230,6
DA:231,6
DA:232,6
DA:233,6
DA:236,6
DA:237,6
DA:238,6
DA:239,6
end_of_record
