TN:verilator_coverage
SF:BranchBimodalCtrl.v
DA:10,554
DA:11,6
DA:12,7
DA:13,3
DA:16,1
DA:17,2
DA:20,2
DA:21,2
DA:24,0
DA:25,6
DA:26,6
DA:27,6
DA:28,516
DA:29,586
DA:30,586
DA:31,516
DA:32,516
DA:33,516
end_of_record
SF:utb_BranchBimodalCtrl.v
DA:21,0
DA:23,6
DA:26,7
DA:27,3
DA:30,1
DA:31,2
DA:34,2
DA:35,2
DA:55,1
DA:62,1
DA:63,1
DA:64,1
DA:65,1
DA:67,1
DA:68,1
DA:69,1
DA:73,1
DA:75,1
DA:76,1
DA:77,1
DA:79,1
DA:83,1
DA:85,1
DA:86,1
DA:87,1
DA:91,1
DA:93,1
DA:97,1
DA:99,1
DA:106,1
DA:107,1
DA:108,1
DA:109,1
DA:111,1
DA:112,1
DA:113,1
DA:117,1
DA:119,1
DA:120,1
DA:121,1
DA:123,1
DA:127,1
DA:129,1
DA:130,1
DA:131,1
DA:135,1
DA:137,1
DA:141,1
DA:143,1
DA:150,1
DA:151,1
DA:152,1
DA:153,1
DA:155,1
DA:156,1
DA:157,1
DA:161,1
DA:163,1
DA:164,1
DA:165,1
DA:167,1
DA:171,1
DA:173,1
DA:174,1
DA:175,1
DA:179,1
DA:181,1
DA:185,1
DA:187,1
DA:194,1
DA:195,1
DA:196,1
DA:197,1
DA:199,1
DA:200,1
DA:201,1
DA:205,1
DA:207,1
DA:208,1
DA:209,1
DA:211,1
DA:215,1
DA:217,1
DA:218,1
DA:219,1
DA:223,1
DA:225,1
DA:229,1
DA:231,1
DA:233,1
DA:234,1
DA:235,1
DA:239,8
DA:240,8
DA:241,8
DA:242,531
DA:247,7
DA:254,7
DA:255,7
DA:256,7
DA:257,7
DA:258,7
DA:262,8
DA:267,8
DA:268,8
DA:269,8
DA:270,8
DA:271,8
DA:274,8
DA:275,8
DA:276,8
DA:277,8
end_of_record
