TN:verilator_coverage
SF:BranchGlobalCtrl.v
DA:10,554
DA:11,6
DA:12,7
DA:13,3
DA:16,1
DA:17,2
DA:20,7
DA:21,2
DA:22,2
DA:25,0
DA:26,6
DA:27,6
DA:28,6
DA:29,6
DA:30,516
DA:31,586
DA:32,586
DA:33,586
DA:34,516
DA:35,516
DA:36,516
DA:37,516
end_of_record
SF:utb_BranchGlobalCtrl.v
DA:21,0
DA:23,6
DA:26,7
DA:27,3
DA:30,1
DA:31,2
DA:34,7
DA:35,2
DA:36,2
DA:56,1
DA:63,1
DA:64,1
DA:65,1
DA:66,1
DA:68,1
DA:69,1
DA:70,1
DA:74,1
DA:76,1
DA:77,1
DA:78,1
DA:80,1
DA:84,1
DA:86,1
DA:87,1
DA:88,1
DA:92,1
DA:94,1
DA:98,1
DA:100,1
DA:107,1
DA:108,1
DA:109,1
DA:110,1
DA:112,1
DA:113,1
DA:114,1
DA:118,1
DA:120,1
DA:121,1
DA:122,1
DA:124,1
DA:128,1
DA:130,1
DA:131,1
DA:132,1
DA:136,1
DA:138,1
DA:142,1
DA:144,1
DA:151,1
DA:152,1
DA:153,1
DA:154,1
DA:156,1
DA:157,1
DA:158,1
DA:162,1
DA:164,1
DA:165,1
DA:166,1
DA:168,1
DA:172,1
DA:174,1
DA:175,1
DA:176,1
DA:180,1
DA:182,1
DA:186,1
DA:188,1
DA:195,1
DA:196,1
DA:197,1
DA:198,1
DA:200,1
DA:201,1
DA:202,1
DA:206,1
DA:208,1
DA:209,1
DA:210,1
DA:212,1
DA:216,1
DA:218,1
DA:219,1
DA:220,1
DA:224,1
DA:226,1
DA:230,1
DA:232,1
DA:234,1
DA:235,1
DA:236,1
DA:240,8
DA:241,8
DA:242,8
DA:243,531
DA:248,7
DA:255,7
DA:256,7
DA:257,7
DA:258,7
DA:259,7
DA:263,8
DA:269,8
DA:270,8
DA:271,8
DA:272,8
DA:273,8
DA:276,8
DA:277,8
DA:278,8
DA:279,8
DA:282,8
DA:283,8
DA:284,8
DA:285,8
end_of_record
