TN:verilator_coverage
SF:BranchGlobalDpath.v
DA:10,367
DA:11,2
DA:12,1
DA:13,60
DA:16,58
DA:17,60
DA:20,3
DA:21,4
DA:22,1
DA:32,1
DA:35,183
DA:36,1
DA:37,1
DA:38,1
DA:40,130
DA:41,2
DA:42,51
end_of_record
SF:utb_BranchGlobalDpath.v
DA:21,0
DA:23,2
DA:26,1
DA:27,60
DA:30,58
DA:31,60
DA:34,3
DA:35,4
DA:36,1
DA:56,1
DA:63,1
DA:64,1
DA:65,1
DA:66,1
DA:68,1
DA:69,1
DA:70,1
DA:74,1
DA:76,1
DA:77,1
DA:78,1
DA:80,1
DA:84,1
DA:86,1
DA:87,1
DA:88,1
DA:92,1
DA:94,1
DA:95,1
DA:96,1
DA:100,1
DA:105,1
DA:107,1
DA:114,1
DA:115,1
DA:116,1
DA:117,1
DA:119,1
DA:120,1
DA:121,1
DA:123,1
DA:124,1
DA:125,1
DA:126,128
DA:130,128
DA:133,1
DA:137,1
DA:139,1
DA:140,1
DA:141,1
DA:145,1
DA:147,1
DA:151,1
DA:153,1
DA:155,1
DA:156,1
DA:157,1
DA:161,3
DA:162,3
DA:163,3
DA:164,97
DA:169,131
DA:176,131
DA:177,131
DA:178,131
DA:179,131
DA:180,131
DA:184,4
DA:191,4
DA:192,4
DA:193,4
DA:194,4
DA:195,4
DA:198,4
DA:199,4
DA:200,4
DA:201,4
DA:204,4
DA:205,4
DA:206,4
DA:207,4
DA:210,4
DA:211,4
DA:212,4
DA:213,4
end_of_record
