TN:verilator_coverage
SF:BranchGShareDpath.v
DA:10,367
DA:11,2
DA:12,1
DA:13,1
DA:14,60
DA:17,58
DA:18,60
DA:21,3
DA:22,4
DA:23,1
DA:33,1
DA:36,1
DA:40,2
DA:44,183
DA:45,1
DA:46,1
DA:47,1
DA:49,130
DA:50,2
DA:51,51
end_of_record
SF:utb_BranchGShareDpath.v
DA:21,0
DA:23,2
DA:26,1
DA:27,1
DA:28,60
DA:31,58
DA:32,60
DA:35,3
DA:36,4
DA:37,1
DA:57,1
DA:64,1
DA:65,1
DA:66,1
DA:67,1
DA:69,1
DA:70,1
DA:71,1
DA:75,1
DA:77,1
DA:78,1
DA:79,1
DA:81,1
DA:85,1
DA:87,1
DA:88,1
DA:89,1
DA:93,1
DA:95,1
DA:96,1
DA:97,1
DA:101,1
DA:106,1
DA:108,1
DA:115,1
DA:116,1
DA:117,1
DA:118,1
DA:120,1
DA:121,1
DA:122,1
DA:124,1
DA:125,1
DA:126,1
DA:127,128
DA:131,128
DA:134,1
DA:138,1
DA:140,1
DA:141,1
DA:142,1
DA:146,1
DA:148,1
DA:152,1
DA:154,1
DA:156,1
DA:157,1
DA:158,1
DA:162,3
DA:163,3
DA:164,3
DA:165,97
DA:170,131
DA:178,131
DA:179,131
DA:180,131
DA:181,131
DA:182,131
DA:183,131
DA:187,4
DA:194,4
DA:195,4
DA:196,4
DA:197,4
DA:198,4
DA:201,4
DA:202,4
DA:203,4
DA:204,4
DA:207,4
DA:208,4
DA:209,4
DA:210,4
DA:213,4
DA:214,4
DA:215,4
DA:216,4
end_of_record
